2014-08-16 14:50:24.573 [info] <0.7.0> Application lager started on node 'bbs@Marthyns-MacBook-Air'
2014-08-16 14:50:24.582 [info] <0.7.0> Application crypto started on node 'bbs@Marthyns-MacBook-Air'
2014-08-16 14:50:24.596 [info] <0.7.0> Application mimetypes started on node 'bbs@Marthyns-MacBook-Air'
2014-08-16 14:50:24.643 [info] <0.94.0> Starting Boss in development mode....

2014-08-16 14:50:24.655 [info] <0.94.0>@boss_db:start:72 Start Database Adapter boss_db_adapter_mock options [{adapter,mock},{cache_enable,false},{cache_prefix,db},{shards,[]},{is_master_node,true},{db_host,"localhost"},{db_port,1978}]
2014-08-16 14:50:24.719 [info] <0.94.0> Starting master services on 'bbs@Marthyns-MacBook-Air'

2014-08-16 14:50:24.741 [info] <0.7.0> Application tinymq started on node 'bbs@Marthyns-MacBook-Air'
2014-08-16 14:50:24.751 [notice] <0.62.0>@lager_app:132 Deprecated lager_file_backend config detected, please consider updating it
2014-08-16 14:50:24.835 [info] <0.94.0> SSL:[]

2014-08-16 14:50:24.840 [info] <0.94.0> Starting cowboy... on 'bbs@Marthyns-MacBook-Air'

2014-08-16 14:50:24.845 [info] <0.7.0> Application cowlib started on node 'bbs@Marthyns-MacBook-Air'
2014-08-16 14:50:24.849 [info] <0.7.0> Application ranch started on node 'bbs@Marthyns-MacBook-Air'
2014-08-16 14:50:24.864 [info] <0.7.0> Application cowboy started on node 'bbs@Marthyns-MacBook-Air'
2014-08-16 14:50:24.864 [info] <0.94.0> Starting http listener... on 0.0.0.0:8001 

2014-08-16 14:50:24.937 [info] <0.94.0>@boss_load:load_all_modules:57 Loading application bbs
2014-08-16 14:50:24.948 [notice] <0.94.0>@boss_compiler:compile:47 Compile file "/Users/Marthyn/Code/CJIB/bbs/src/mail/bbs_incoming_mail_controller.erl" with options [{out_dir,undefined},{include_dirs,["/Users/Marthyn/Code/CJIB/bbs/include"]},{compiler_options,[{parse_transform,lager_transform},return_errors]}] 
2014-08-16 14:50:24.985 [notice] <0.94.0>@boss_compiler:compile:47 Compile file "/Users/Marthyn/Code/CJIB/bbs/src/mail/bbs_outgoing_mail_controller.erl" with options [{out_dir,undefined},{include_dirs,["/Users/Marthyn/Code/CJIB/bbs/include"]},{compiler_options,[{parse_transform,lager_transform},return_errors]}] 
2014-08-16 14:50:24.994 [notice] <0.94.0>@boss_compiler:compile:47 Compile file "/Users/Marthyn/Code/CJIB/bbs/src/view/lib/tag_modules/bbs_custom_tags.erl" with options [{out_dir,undefined},{include_dirs,["/Users/Marthyn/Code/CJIB/bbs/include"]},{compiler_options,[{parse_transform,lager_transform},return_errors]}] 
2014-08-16 14:50:25.002 [notice] <0.94.0>@boss_compiler:compile:47 Compile file "/Users/Marthyn/Code/CJIB/bbs/src/view/lib/filter_modules/bbs_custom_filters.erl" with options [{out_dir,undefined},{include_dirs,["/Users/Marthyn/Code/CJIB/bbs/include"]},{compiler_options,[{parse_transform,lager_transform},return_errors]}] 
2014-08-16 14:50:25.004 [info] <0.94.0>@boss_load:compile_view_dir_erlydtl:311 Compile Modules "src/view/lib/tag_html"  bbs_view_lib_tags
2014-08-16 14:50:25.058 [notice] <0.94.0>@boss_compiler:compile:47 Compile file "/Users/Marthyn/Code/CJIB/bbs/priv/init/bbs_01_news.erl" with options [{include_dirs,["/Users/Marthyn/Code/CJIB/bbs/include"]}] 
2014-08-16 14:50:33.264 [notice] <0.271.0>@boss_web_controller_handle_request:handle_request:23 ApplicationForPath bbs
2014-08-16 14:50:33.270 [warning] <0.6.0> lager_error_logger_h dropped 71 messages in the last second that exceeded the limit of 50 messages/sec
2014-08-16 14:50:33.270 [info] <0.261.0> Loading routes from "/Users/Marthyn/Code/CJIB/bbs/priv/bbs.routes" ....
2014-08-16 14:50:33.271 [error] <0.271.0> GET / [bbs] 404 0ms
2014-08-16 14:50:33.640 [notice] <0.272.0>@boss_web_controller_handle_request:handle_request:23 ApplicationForPath bbs
2014-08-16 14:52:26.596 [info] <0.7.0> Application lager started on node 'bbs@Marthyns-MacBook-Air'
2014-08-16 14:52:26.607 [info] <0.7.0> Application crypto started on node 'bbs@Marthyns-MacBook-Air'
2014-08-16 14:52:26.627 [info] <0.7.0> Application mimetypes started on node 'bbs@Marthyns-MacBook-Air'
2014-08-16 14:52:26.686 [info] <0.94.0> Starting Boss in development mode....

2014-08-16 14:52:26.700 [info] <0.94.0>@boss_db:start:72 Start Database Adapter boss_db_adapter_mock options [{adapter,mock},{cache_enable,false},{cache_prefix,db},{shards,[]},{is_master_node,true},{db_host,"localhost"},{db_port,1978}]
2014-08-16 14:52:26.706 [notice] <0.62.0>@lager_app:132 Deprecated lager_file_backend config detected, please consider updating it
2014-08-16 14:52:26.769 [info] <0.94.0> Starting master services on 'bbs@Marthyns-MacBook-Air'

2014-08-16 14:52:26.790 [info] <0.7.0> Application tinymq started on node 'bbs@Marthyns-MacBook-Air'
2014-08-16 14:52:26.848 [info] <0.94.0> SSL:[]

2014-08-16 14:52:26.853 [info] <0.94.0> Starting cowboy... on 'bbs@Marthyns-MacBook-Air'

2014-08-16 14:52:26.859 [info] <0.7.0> Application cowlib started on node 'bbs@Marthyns-MacBook-Air'
2014-08-16 14:52:26.864 [info] <0.7.0> Application ranch started on node 'bbs@Marthyns-MacBook-Air'
2014-08-16 14:52:26.883 [info] <0.7.0> Application cowboy started on node 'bbs@Marthyns-MacBook-Air'
2014-08-16 14:52:26.883 [info] <0.94.0> Starting http listener... on 0.0.0.0:8001 

2014-08-16 14:52:26.987 [info] <0.94.0>@boss_load:load_all_modules:57 Loading application bbs
2014-08-16 14:52:27.004 [notice] <0.94.0>@boss_compiler:compile:47 Compile file "/Users/Marthyn/Code/CJIB/bbs/src/mail/bbs_incoming_mail_controller.erl" with options [{out_dir,undefined},{include_dirs,["/Users/Marthyn/Code/CJIB/bbs/include"]},{compiler_options,[{parse_transform,lager_transform},return_errors]}] 
2014-08-16 14:52:27.066 [notice] <0.94.0>@boss_compiler:compile:47 Compile file "/Users/Marthyn/Code/CJIB/bbs/src/mail/bbs_outgoing_mail_controller.erl" with options [{out_dir,undefined},{include_dirs,["/Users/Marthyn/Code/CJIB/bbs/include"]},{compiler_options,[{parse_transform,lager_transform},return_errors]}] 
2014-08-16 14:52:27.081 [notice] <0.94.0>@boss_compiler:compile:47 Compile file "/Users/Marthyn/Code/CJIB/bbs/src/view/lib/tag_modules/bbs_custom_tags.erl" with options [{out_dir,undefined},{include_dirs,["/Users/Marthyn/Code/CJIB/bbs/include"]},{compiler_options,[{parse_transform,lager_transform},return_errors]}] 
2014-08-16 14:52:27.096 [notice] <0.94.0>@boss_compiler:compile:47 Compile file "/Users/Marthyn/Code/CJIB/bbs/src/view/lib/filter_modules/bbs_custom_filters.erl" with options [{out_dir,undefined},{include_dirs,["/Users/Marthyn/Code/CJIB/bbs/include"]},{compiler_options,[{parse_transform,lager_transform},return_errors]}] 
2014-08-16 14:52:27.099 [info] <0.94.0>@boss_load:compile_view_dir_erlydtl:311 Compile Modules "src/view/lib/tag_html"  bbs_view_lib_tags
2014-08-16 14:52:27.179 [notice] <0.94.0>@boss_compiler:compile:47 Compile file "/Users/Marthyn/Code/CJIB/bbs/priv/init/bbs_01_news.erl" with options [{include_dirs,["/Users/Marthyn/Code/CJIB/bbs/include"]}] 
2014-08-16 14:52:29.652 [notice] <0.271.0>@boss_web_controller_handle_request:handle_request:23 ApplicationForPath bbs
2014-08-16 14:52:29.656 [warning] <0.6.0> lager_error_logger_h dropped 78 messages in the last second that exceeded the limit of 50 messages/sec
2014-08-16 14:52:29.656 [info] <0.261.0> Loading routes from "/Users/Marthyn/Code/CJIB/bbs/priv/bbs.routes" ....
2014-08-16 14:52:29.656 [error] <0.261.0> Missing or invalid boss.routes file in "/Users/Marthyn/Code/CJIB/bbs/priv/bbs.routes"
{error,{25,erl_parse,["syntax error before: ",[]]}}

2014-08-16 14:52:29.658 [error] <0.271.0> GET / [bbs] 404 0ms
2014-08-16 14:52:30.385 [notice] <0.272.0>@boss_web_controller_handle_request:handle_request:23 ApplicationForPath bbs
2014-08-16 14:52:30.386 [info] <0.261.0> Loading routes from "/Users/Marthyn/Code/CJIB/bbs/priv/bbs.routes" ....
2014-08-16 14:52:30.387 [error] <0.261.0> Missing or invalid boss.routes file in "/Users/Marthyn/Code/CJIB/bbs/priv/bbs.routes"
{error,{25,erl_parse,["syntax error before: ",[]]}}

2014-08-16 14:52:30.388 [error] <0.272.0> GET / [bbs] 404 0ms
2014-08-16 14:52:33.028 [notice] <0.274.0>@boss_web_controller_handle_request:handle_request:23 ApplicationForPath bbs
2014-08-16 14:52:33.029 [info] <0.261.0> Loading routes from "/Users/Marthyn/Code/CJIB/bbs/priv/bbs.routes" ....
2014-08-16 14:52:33.030 [error] <0.261.0> Missing or invalid boss.routes file in "/Users/Marthyn/Code/CJIB/bbs/priv/bbs.routes"
{error,{25,erl_parse,["syntax error before: ",[]]}}

2014-08-16 14:52:33.040 [error] <0.274.0> GET /fines [bbs] 404 0ms
2014-08-16 14:58:04.673 [notice] <0.278.0>@boss_web_controller_handle_request:handle_request:23 ApplicationForPath bbs
2014-08-16 14:58:04.674 [info] <0.261.0> Loading routes from "/Users/Marthyn/Code/CJIB/bbs/priv/bbs.routes" ....
2014-08-16 14:58:04.674 [error] <0.278.0> GET /greeting/hello [bbs] 404 0ms
2014-08-16 14:58:04.949 [notice] <0.280.0>@boss_web_controller_handle_request:handle_request:23 ApplicationForPath bbs
2014-08-16 14:58:33.165 [notice] <0.281.0>@boss_web_controller_handle_request:handle_request:23 ApplicationForPath bbs
2014-08-16 14:58:33.166 [info] <0.261.0> Loading routes from "/Users/Marthyn/Code/CJIB/bbs/priv/bbs.routes" ....
2014-08-16 14:58:33.193 [error] <0.261.0> gen_server <0.261.0> terminated with reason: {'module could not be loaded',[{bbs_fines_controller,module_info,[attributes],[]},{boss_router_controller,default_action,2,[{file,"src/boss/boss_router_controller.erl"},{line,202}]},{boss_router_controller,route,2,[{file,"src/boss/boss_router_controller.erl"},{line,157}]},{boss_router_controller,handle_call,3,[{file,"src/boss/boss_router_controller.erl"},{line,64}]},{gen_server,handle_msg,5,[{file,"gen_server.erl"},{line,580}]},{proc_lib,init_p_do_apply,3,[{file,"proc_lib.erl"},{line,239}]}]}
2014-08-16 14:58:33.193 [error] <0.261.0> CRASH REPORT Process <0.261.0> with 0 neighbours exited with reason: call to undefined function bbs_fines_controller:module_info(attributes) in gen_server:terminate/6 line 746
2014-08-16 14:58:33.193 [error] <0.281.0>@boss_web_controller_handle_request:handle_request:30 Unhandled Error: exit:{{undef,[{bbs_fines_controller,module_info,[attributes],[]},{boss_router_controller,default_action,2,[{file,"src/boss/boss_router_controller.erl"},{line,202}]},{boss_router_controller,route,2,[{file,"src/boss/boss_router_controller.erl"},{line,157}]},{boss_router_controller,handle_call,3,[{file,"src/boss/boss_router_controller.erl"},{line,64}]},{gen_server,handle_msg,5,[{file,"gen_server.erl"},{line,580}]},{proc_lib,init_p_do_apply,3,[{file,"proc_lib.erl"},{line,239}]}]},{gen_server,call,[<0.261.0>,{route,"/fines"}]}}. Stacktrace: [{gen_server,call,2,[{file,"gen_server.erl"},{line,182}]},{boss_web_controller_handle_request,process_dynamic_request,4,[{file,"src/boss/boss_web_controller_handle_request.erl"},{line,237}]},{boss_web_controller_handle_request,process_request,4,[{file,"src/boss/boss_web_controller_handle_request.erl"},{line,228}]},{boss_web_controller_handle_request,set_timer,7,[{file,"src/boss/boss_web_controller_handle_request.erl"},{line,148}]},{boss_web_controller_handle_request,build_dynamic_response,4,[{file,"src/boss/boss_web_controller_handle_request.erl"},{line,122}]},{boss_web_controller_handle_request,handle_request,3,[{file,"src/boss/boss_web_controller_handle_request.erl"},{line,26}]},{mochicow_upgrade,upgrade,4,[{file,"src/mochicow_upgrade.erl"},{line,72}]},{cowboy_protocol,execute,4,[{file,"src/cowboy_protocol.erl"},{line,529}]}]
2014-08-16 14:58:33.194 [error] <0.260.0> Supervisor {<0.260.0>,boss_router_sup} had child router_controller started with boss_router_controller:start_link([{application,bbs},{controllers,[]}]) at <0.261.0> exit with reason call to undefined function bbs_fines_controller:module_info(attributes) in context child_terminated
2014-08-16 14:58:33.195 [info] <0.284.0> Loading routes from "/Users/Marthyn/Code/CJIB/bbs/priv/bbs.routes" ....
2014-08-16 14:58:57.804 [notice] <0.286.0>@boss_web_controller_handle_request:handle_request:23 ApplicationForPath bbs
2014-08-16 14:58:57.805 [info] <0.284.0> Loading routes from "/Users/Marthyn/Code/CJIB/bbs/priv/bbs.routes" ....
2014-08-16 14:58:57.806 [error] <0.286.0> GET /greeting/hello [bbs] 404 0ms
2014-08-16 14:59:07.813 [notice] <0.289.0>@boss_web_controller_handle_request:handle_request:23 ApplicationForPath bbs
2014-08-16 14:59:07.814 [info] <0.284.0> Loading routes from "/Users/Marthyn/Code/CJIB/bbs/priv/bbs.routes" ....
2014-08-16 14:59:07.828 [info] <0.289.0>@boss_controller_compiler:compile:59 Compile controller /Users/Marthyn/Code/CJIB/bbs/src/controller/bbs_fines_controller.erl
2014-08-16 14:59:07.828 [notice] <0.289.0>@boss_compiler:compile:47 Compile file "/Users/Marthyn/Code/CJIB/bbs/src/controller/bbs_fines_controller.erl" with options [debug_info,{pre_revert_transform,#Fun<boss_controller_compiler.add_routes_to_forms.1>},{out_dir,undefined},{include_dirs,["/Users/Marthyn/Code/CJIB/bbs/include"]},{compiler_options,[{parse_transform,lager_transform},return_errors]}] 
2014-08-16 14:59:07.850 [notice] <0.289.0>@boss_controller_adapter_pmod:action:91 Request Method 'GET'
2014-08-16 14:59:07.850 [notice] <0.289.0>@boss_controller_adapter_pmod:action:92 Tokens []
2014-08-16 14:59:07.857 [info] <0.289.0> GET /fines/hello [bbs] 200 0ms
2014-08-16 14:59:17.093 [notice] <0.293.0>@boss_web_controller_handle_request:handle_request:23 ApplicationForPath bbs
2014-08-16 14:59:17.094 [info] <0.284.0> Loading routes from "/Users/Marthyn/Code/CJIB/bbs/priv/bbs.routes" ....
2014-08-16 14:59:17.096 [info] <0.293.0>@boss_controller_compiler:compile:59 Compile controller /Users/Marthyn/Code/CJIB/bbs/src/controller/bbs_fines_controller.erl
2014-08-16 14:59:17.097 [notice] <0.293.0>@boss_compiler:compile:47 Compile file "/Users/Marthyn/Code/CJIB/bbs/src/controller/bbs_fines_controller.erl" with options [debug_info,{pre_revert_transform,#Fun<boss_controller_compiler.add_routes_to_forms.1>},{out_dir,undefined},{include_dirs,["/Users/Marthyn/Code/CJIB/bbs/include"]},{compiler_options,[{parse_transform,lager_transform},return_errors]}] 
2014-08-16 14:59:17.102 [notice] <0.293.0>@boss_controller_adapter_pmod:action:91 Request Method 'GET'
2014-08-16 14:59:17.102 [notice] <0.293.0>@boss_controller_adapter_pmod:action:92 Tokens []
2014-08-16 14:59:17.103 [info] <0.293.0> GET /fines/hello [bbs] 200 0ms
2014-08-16 14:59:20.379 [notice] <0.294.0>@boss_web_controller_handle_request:handle_request:23 ApplicationForPath bbs
2014-08-16 14:59:20.380 [info] <0.284.0> Loading routes from "/Users/Marthyn/Code/CJIB/bbs/priv/bbs.routes" ....
2014-08-16 14:59:20.384 [notice] <0.294.0>@boss_controller_adapter_pmod:action:91 Request Method 'GET'
2014-08-16 14:59:20.384 [notice] <0.294.0>@boss_controller_adapter_pmod:action:92 Tokens []
2014-08-16 14:59:20.385 [info] <0.294.0> GET /fines/hello [bbs] 200 0ms
2014-08-16 15:00:21.279 [notice] <0.299.0>@boss_web_controller_handle_request:handle_request:23 ApplicationForPath bbs
2014-08-16 15:00:21.280 [info] <0.284.0> Loading routes from "/Users/Marthyn/Code/CJIB/bbs/priv/bbs.routes" ....
2014-08-16 15:00:21.283 [info] <0.299.0>@boss_controller_compiler:compile:59 Compile controller /Users/Marthyn/Code/CJIB/bbs/src/controller/bbs_fines_controller.erl
2014-08-16 15:00:21.283 [notice] <0.299.0>@boss_compiler:compile:47 Compile file "/Users/Marthyn/Code/CJIB/bbs/src/controller/bbs_fines_controller.erl" with options [debug_info,{pre_revert_transform,#Fun<boss_controller_compiler.add_routes_to_forms.1>},{out_dir,undefined},{include_dirs,["/Users/Marthyn/Code/CJIB/bbs/include"]},{compiler_options,[{parse_transform,lager_transform},return_errors]}] 
2014-08-16 15:00:21.287 [notice] <0.299.0>@boss_controller_adapter_pmod:action:91 Request Method 'GET'
2014-08-16 15:00:21.287 [notice] <0.299.0>@boss_controller_adapter_pmod:action:92 Tokens []
2014-08-16 15:00:21.299 [info] <0.299.0> GET /fines/hello [bbs] 200 0ms
2014-08-16 15:01:18.112 [notice] <0.303.0>@boss_web_controller_handle_request:handle_request:23 ApplicationForPath bbs
2014-08-16 15:01:18.113 [info] <0.284.0> Loading routes from "/Users/Marthyn/Code/CJIB/bbs/priv/bbs.routes" ....
2014-08-16 15:01:18.116 [info] <0.303.0>@boss_controller_compiler:compile:59 Compile controller /Users/Marthyn/Code/CJIB/bbs/src/controller/bbs_fines_controller.erl
2014-08-16 15:01:18.116 [notice] <0.303.0>@boss_compiler:compile:47 Compile file "/Users/Marthyn/Code/CJIB/bbs/src/controller/bbs_fines_controller.erl" with options [debug_info,{pre_revert_transform,#Fun<boss_controller_compiler.add_routes_to_forms.1>},{out_dir,undefined},{include_dirs,["/Users/Marthyn/Code/CJIB/bbs/include"]},{compiler_options,[{parse_transform,lager_transform},return_errors]}] 
2014-08-16 15:01:18.121 [notice] <0.303.0>@boss_controller_adapter_pmod:action:91 Request Method 'GET'
2014-08-16 15:01:18.121 [notice] <0.303.0>@boss_controller_adapter_pmod:action:92 Tokens []
2014-08-16 15:01:18.130 [error] <0.303.0> GET /fines/hello [bbs] 404 0ms
2014-08-16 15:19:02.273 [notice] <0.307.0>@boss_web_controller_handle_request:handle_request:23 ApplicationForPath bbs
2014-08-16 15:19:02.274 [info] <0.284.0> Loading routes from "/Users/Marthyn/Code/CJIB/bbs/priv/bbs.routes" ....
2014-08-16 15:19:02.276 [info] <0.307.0>@boss_controller_compiler:compile:59 Compile controller /Users/Marthyn/Code/CJIB/bbs/src/controller/bbs_fines_controller.erl
2014-08-16 15:19:02.276 [notice] <0.307.0>@boss_compiler:compile:47 Compile file "/Users/Marthyn/Code/CJIB/bbs/src/controller/bbs_fines_controller.erl" with options [debug_info,{pre_revert_transform,#Fun<boss_controller_compiler.add_routes_to_forms.1>},{out_dir,undefined},{include_dirs,["/Users/Marthyn/Code/CJIB/bbs/include"]},{compiler_options,[{parse_transform,lager_transform},return_errors]}] 
2014-08-16 15:19:02.296 [notice] <0.307.0>@boss_compiler:compile:47 Compile file "/Users/Marthyn/Code/CJIB/bbs/src/model/outgoing_fine.erl" with options [debug_info,{pre_revert_transform,#Fun<boss_record_compiler.trick_out_forms.2>},{token_transform,#Fun<boss_record_compiler.process_tokens.1>},{out_dir,undefined},{include_dirs,["/Users/Marthyn/Code/CJIB/bbs/include"]},{compiler_options,[{parse_transform,lager_transform},return_errors]}] 
2014-08-16 15:19:02.296 [info] <0.307.0>@boss_record_compiler:process_tokens:120 Tokens [{'-',{1,1}},{atom,{1,2},module},{'(',{1,8}},{atom,{1,9},outgoing_fine},{',',{1,22}},{'[',{1,24}},{var,{1,25},'Id'},{',',{1,27}},{var,{1,29},'Amount'},{',',{1,35}},{var,{1,37},'Bsn'},{']',{1,40}},{')',{1,41}},{dot,{1,42}},{'-',{2,1}},{atom,{2,2},compile},{'(',{2,9}},{atom,{2,10},export_all},{')',{2,20}},{dot,{2,21}},{eof,{3,1}}]
2014-08-16 15:19:02.296 [notice] <0.307.0>@boss_record_compiler:make_generated_forms:225 Module "outgoing_fine" Parameters ['Id','Amount','Bsn'] Attributes[{compile,export_all}]
2014-08-16 15:19:02.318 [notice] <0.307.0>@boss_compiler:compile:47 Compile file "/Users/Marthyn/Code/CJIB/bbs/src/model/incoming_fine.erl" with options [debug_info,{pre_revert_transform,#Fun<boss_record_compiler.trick_out_forms.2>},{token_transform,#Fun<boss_record_compiler.process_tokens.1>},{out_dir,undefined},{include_dirs,["/Users/Marthyn/Code/CJIB/bbs/include"]},{compiler_options,[{parse_transform,lager_transform},return_errors]}] 
2014-08-16 15:19:02.319 [info] <0.307.0>@boss_record_compiler:process_tokens:120 Tokens [{'-',{1,1}},{atom,{1,2},module},{'(',{1,8}},{atom,{1,9},incoming_fine},{',',{1,22}},{'[',{1,24}},{var,{1,25},'Id'},{',',{1,27}},{var,{1,29},'Speed'},{',',{1,34}},{var,{1,36},'LicensePlate'},{']',{1,48}},{')',{1,49}},{dot,{1,50}},{'-',{2,1}},{atom,{2,2},compile},{'(',{2,9}},{atom,{2,10},export_all},{')',{2,20}},{dot,{2,21}},{eof,{3,1}}]
2014-08-16 15:19:02.319 [notice] <0.307.0>@boss_record_compiler:make_generated_forms:225 Module "incoming_fine" Parameters ['Id','Speed','LicensePlate'] Attributes[{compile,export_all}]
2014-08-16 15:19:02.333 [notice] <0.307.0>@boss_controller_adapter_pmod:action:91 Request Method 'GET'
2014-08-16 15:19:02.333 [notice] <0.307.0>@boss_controller_adapter_pmod:action:92 Tokens []
2014-08-16 15:19:02.333 [info] <0.307.0> GET /fines/hello [bbs] 200 0ms
2014-08-16 15:27:40.119 [notice] <0.332.0>@boss_web_controller_handle_request:handle_request:23 ApplicationForPath bbs
2014-08-16 15:27:40.134 [info] <0.332.0> GET /doc/greeting [bbs] 200 0ms
2014-08-16 15:27:43.670 [notice] <0.333.0>@boss_web_controller_handle_request:handle_request:23 ApplicationForPath bbs
2014-08-16 15:27:43.671 [info] <0.333.0>@boss_record_compiler:process_tokens:120 Tokens [{'-',{1,1}},{atom,{1,2},module},{'(',{1,8}},{atom,{1,9},incoming_fine},{',',{1,22}},{'[',{1,24}},{var,{1,25},'Id'},{',',{1,27}},{var,{1,29},'Speed'},{',',{1,34}},{var,{1,36},'LicensePlate'},{']',{1,48}},{')',{1,49}},{dot,{1,50}},{'-',{2,1}},{atom,{2,2},compile},{'(',{2,9}},{atom,{2,10},export_all},{')',{2,20}},{dot,{2,21}},{eof,{3,1}}]
2014-08-16 15:27:43.672 [notice] <0.333.0>@boss_record_compiler:make_generated_forms:225 Module "incoming_fine" Parameters ['Id','Speed','LicensePlate'] Attributes[{compile,export_all}]
2014-08-16 15:27:43.863 [info] <0.333.0> GET /doc/incoming_fine [bbs] 200 0ms
